<?xml version="1.0" encoding="UTF-8"?>
<!-- Generated by org.testng.reporters.JUnitXMLReporter -->
<testsuite hostname="LAPTOP-9QUROR5P" ignored="0" name="Test" tests="1" failures="0" timestamp="2020-01-23T23:08:35 IST" time="0.213" errors="0">
  <testcase name="@BeforeClass launchBrowser" time="0.043" classname="com.MainTest.common">
    <failure type="java.io.FileNotFoundException" message="C:\Users\Madhavi\eclipse-workspace\SeleniumPraciseConfig\config.propertiess (The system cannot find the path specified)">
      <![CDATA[java.io.FileNotFoundException: C:\Users\Madhavi\eclipse-workspace\SeleniumPraciseConfig\config.propertiess (The system cannot find the path specified)
at java.io.FileInputStream.open0(Native Method)
at java.io.FileInputStream.open(Unknown Source)
at java.io.FileInputStream.<init>(Unknown Source)
at java.io.FileInputStream.<init>(Unknown Source)
at com.MainTest.common.LoadConfigPropertyFile(common.java:106)
at com.MainTest.common.launchBrowser(common.java:25)
at java.util.ArrayList.forEach(Unknown Source)
... Removed 25 stack frames]]>
    </failure>
  </testcase> <!-- @BeforeClass launchBrowser -->
  <testcase name="TC_001" time="0.0" classname="com.DemoTest.test">
    <skipped/>
  </testcase> <!-- TC_001 -->
</testsuite> <!-- Test -->
